<?xml version="1.0" encoding="UTF-8"?>
<!-- Generated by org.testng.reporters.JUnitReportReporter -->
<testsuite hostname="DESKTOP-D0JLFQF" failures="0" tests="2" name="extent_reports.NewTest" time="0.064" errors="0" timestamp="2023-02-05T11:38:06 IST" skipped="0">
  <testcase classname="extent_reports.NewTest" name="test2" time="0.029"/>
  <system-out/>
  <testcase classname="extent_reports.NewTest" name="f1" time="0.035"/>
  <system-out/>
</testsuite> <!-- extent_reports.NewTest -->
