<?xml version="1.0" encoding="UTF-8"?>
<!-- Generated by org.testng.reporters.JUnitReportReporter -->
<testsuite hostname="DESKTOP-D0JLFQF" failures="0" tests="2" name="Modul1_PlanetSuperHeroeslogin_Signup_Test.HeroWelCompageTest" time="3.580" errors="0" timestamp="2023-01-24T10:00:17 IST" skipped="0">
  <testcase classname="Modul1_PlanetSuperHeroeslogin_Signup_Test.HeroWelCompageTest" name="login" time="0.487"/>
  <system-out/>
  <testcase classname="Modul1_PlanetSuperHeroeslogin_Signup_Test.HeroWelCompageTest" name="verifytitle" time="3.093"/>
  <system-out/>
</testsuite> <!-- Modul1_PlanetSuperHeroeslogin_Signup_Test.HeroWelCompageTest -->
