<?xml version="1.0" encoding="UTF-8"?>
<!-- Generated by org.testng.reporters.JUnitReportReporter -->
<testsuite hostname="DESKTOP-D0JLFQF" failures="0" tests="3" name="Modul1_PlanetSuperHeroeslogin_Signup_Test.LoginPagTest" time="3.084" errors="0" timestamp="2023-03-15T10:56:36 IST" skipped="0">
  <testcase classname="Modul1_PlanetSuperHeroeslogin_Signup_Test.LoginPagTest" name="verifyLog" time="0.056"/>
  <system-out/>
  <testcase classname="Modul1_PlanetSuperHeroeslogin_Signup_Test.LoginPagTest" name="serachfeild" time="2.582"/>
  <system-out/>
  <testcase classname="Modul1_PlanetSuperHeroeslogin_Signup_Test.LoginPagTest" name="login_signUp" time="0.446"/>
  <system-out/>
</testsuite> <!-- Modul1_PlanetSuperHeroeslogin_Signup_Test.LoginPagTest -->
