<?xml version="1.0" encoding="UTF-8"?>
<!-- Generated by org.testng.reporters.JUnitReportReporter -->
<testsuite hostname="DESKTOP-D0JLFQF" failures="0" tests="2" name="Modul1_PlanetSuperHeroeslogin_Signup_Test.HeroWelCompageTest" time="14.330" errors="0" timestamp="2023-02-08T17:07:47 IST" skipped="0">
  <testcase classname="Modul1_PlanetSuperHeroeslogin_Signup_Test.HeroWelCompageTest" name="verifytitle" time="14.079"/>
  <system-out/>
  <testcase classname="Modul1_PlanetSuperHeroeslogin_Signup_Test.HeroWelCompageTest" name="login" time="0.251"/>
  <system-out/>
</testsuite> <!-- Modul1_PlanetSuperHeroeslogin_Signup_Test.HeroWelCompageTest -->
