<?xml version="1.0" encoding="UTF-8"?>
<!-- Generated by org.testng.reporters.JUnitReportReporter -->
<testsuite hostname="DESKTOP-D0JLFQF" failures="0" tests="2" name="Modul1_PlanetSuperHeroeslogin_Signup_Test.HeroWelCompageTest" time="2.520" errors="0" timestamp="2023-03-15T11:01:31 IST" skipped="0">
  <testcase classname="Modul1_PlanetSuperHeroeslogin_Signup_Test.HeroWelCompageTest" name="login" time="0.346"/>
  <system-out/>
  <testcase classname="Modul1_PlanetSuperHeroeslogin_Signup_Test.HeroWelCompageTest" name="verifytitle" time="2.174"/>
  <system-out/>
</testsuite> <!-- Modul1_PlanetSuperHeroeslogin_Signup_Test.HeroWelCompageTest -->
