<?xml version="1.0" encoding="UTF-8"?>
<!-- Generated by org.testng.reporters.JUnitReportReporter -->
<testsuite hostname="DESKTOP-D0JLFQF" failures="0" tests="3" name="Modul2_PlanetSuperHeroesRegistration_Test.HerosRegistrationTest" time="15.709" errors="0" timestamp="2023-01-24T08:40:17 IST" skipped="0">
  <testcase classname="Modul2_PlanetSuperHeroesRegistration_Test.HerosRegistrationTest" name="Registration" time="1.941"/>
  <system-out/>
  <testcase classname="Modul2_PlanetSuperHeroesRegistration_Test.HerosRegistrationTest" name="test" time="12.555"/>
  <system-out/>
  <testcase classname="Modul2_PlanetSuperHeroesRegistration_Test.HerosRegistrationTest" name="RegistrationTitle" time="1.213"/>
  <system-out>
    <![CDATA[ReRegistration Title is present]]>
  </system-out>
</testsuite> <!-- Modul2_PlanetSuperHeroesRegistration_Test.HerosRegistrationTest -->
